---------------------------------------------------
M.U.G.E.N ver 1.1.0 Beta 1 P1 (2013.08.11) status log
---------------------------------------------------
Parsing command line...
Command line: C:\Users\Buddi\Documents\TwitchWork\MATCH\MATCH\mugen.exe
Parse command line OK
Initializing...
Allocating game variables
Reading configuration file...Setting language "en".
OK
Initializing timer...performance timer enabled...frequency 10000000...OK
Initializing keyboard...configuring...OK
Initializing input engine...OK
Initializing sound...OK
Initializing BGM...  OK
Initializing graphics...gameCoord 1280x720...render mode 2_20...trying 1280x720x32 mode 0x0...success...OK
Setting callbacks...OK
Initializing font...OK
Initializing game variables...OK
Session RNG seed is 1727568193
Loading system fonts...OK
Loading options...
Initializing pads...OK
Reinitializing input engine...OK
Remapping keys...OK
Reinitializing input engine...OK
Options loaded OK
Loading system...
  Load system file system.def...OK
  Load system spr...OK
  Load system snd...OK
  Load system fonts...OK
  Load system anim...OK
  Load [Title Info]...OK
  Load [Option Info]...OK
  Load [Select Info]...OK
  Load [VS Screen]...OK
  Load [Victory Screen]...OK
  Load [Demo Mode]...OK
  Load [Continue Screen]...OK
  Load [Game Over Screen]...OK
  Load [Win Screen]...OK
  Load [Survival Results Screen]...OK
  Load [Default Ending]...OK
  Load [End Credits]...OK
  Load TitleBG...VersusBG...VictoryBG...SelectBG...OptionBG...OK
  Loading fight data
    Opening fight data file data/mugen1/fight.def...OK
    Reading [Files]...OK
    Loading fonts...OK
    Load fight anim...OK
    Reading [Lifebar]...[Turns Lifebar]...[Simul Lifebar]...[Powerbar]...
    [Face]...[Simul Face]...[Turns Face]...
    [Name]...[Simul Name]...[Turns Name]...
    [Time]...[Combo]...[Round]...[WinIcon]...OK
    Allocating explods...OK
  Fight data loaded OK
Lua initing
Lua init complete
System loaded OK
Initialize OK
Set up graphics...timer...OK

Entering gameflow loop
Gameflow 0
Gameflow 1
Gameflow 2
Initializing character info...OK
Initializing select screen...finding characters...OK
Gameflow 3
Gameflow 4
Entering mode select.
Unloading match assets
Freeing players
Game loop init
Mode select init
End of mode select loop
Game loop deinit
Gameflow 6
Reset persist vars team 0
Reset persist vars team 1
Gameflow 7
Entering character select.
Unloading match assets
Freeing players
Game loop init
Unreserved all palettes
Charsel init
Selected char 0 on teamslot 0.0
Char cc'brook'mn.def (0) request pal 3 3 (3) -> reserved 0 (2)
Selected char 5 on teamslot 1.0
Char pinkie pie.def (5) request pal 3 FFF (FFF) -> reserved 3 (FF7)
End of charsel loop
Game loop deinit
Gameflow 8
Gameflow 9
Gameflow 10
Entering versus screen.
Unloading match assets
Freeing players
Game loop init
Versus screen init
End of versus screen loop
Game loop deinit
Gameflow 11
Loading match assets...
Loading stage...
  Loading BG...OK
Stage loaded OK
  Allocating helpers...OK
Match RNG seed: 2091018852
Reset persist vars team 0
Reset persist vars team 1
Loading character chars/cc'brook'mn/cc'brook'mn.def...
  Loading info...Info: Brook loading in pre-1.0 compatible mode
OK
  Loading cmd command set command.cmd...OK
  Loading cns constant.cns...OK
  Loading cmd state entry command.cmd...OK
  Loading common states common1.cns...OK
  Loading sff sprite.sff...OK
  Loading anim animation.air...OK
  Loading snd sound.snd...OK
  Loading pals...(1,1)OK
  12883 expressions (3662 on trigger lines)
Character cc'brook'mn.def loaded OK
New char CC'Brook'MN loaded into cache: (1/4 cached) Load time: 420.000ms
Loading character chars/pinkie pie/pinkie pie.def...
  Loading info...Info: Pinkie Pie loading in pre-1.0 compatible mode
OK
  Loading cmd command set Data/Command.txt...OK
  Loading cns Data/Constants.cns...OK
  Loading cns Data/-3.st...OK
  Loading cns Data/AI_Helpers.cns...OK
  Loading cns Option.txt...OK
  Loading cns Data/NormalMoves.st...OK
  Loading cns Data/SuperMoves.st...OK
  Loading cns Data/HyperMoves.st...OK
  Loading cns Data/System.st...OK
  Loading cmd state entry Data/Command.txt...OK
  Loading common states Data/Common1.st...OK
  Loading sff Sprite.sff...OK
  Loading anim Anim.air...OK
  Loading snd Sound.snd...OK
  Loading pals...(1,1)(1,2)(1,3)(1,4)(1,5)(1,6)(1,7)(1,8)(1,9)(1,10)(1,11)(1,12)OK
  SFF v1.01 palette hack engaged.
  21864 expressions (9984 on trigger lines)
Character pinkie pie.def loaded OK
New char Pinkie Pie loaded into cache: (2/4 cached) Load time: 630.000ms
Resetting round
Match assets initialized OK
Game loop init
Match loop init
Resetting round
End of match loop
Total time: 93.07s
Total frames: 5586 	Skipped frames: 2
Avg game rate: 60.02
Avg frame rate: 60.00

Finishing match
Freeing players
Save persist vars P56 CC'Brook'MN
Player CC'Brook'MN cache count reduced: 0
Save persist vars P57 Pinkie Pie
Player Pinkie Pie cache count reduced: 0
Match RNG closed
Game loop deinit
Gameflow 12
Entering victory screen.
Unloading match assets
Freeing players
Unloading stage...OK
Game loop init
Victory screen init
End of victory screen loop
Game loop deinit
Gameflow 6
Reset persist vars team 0
Reset persist vars team 1
Gameflow 7
Entering character select.
Unloading match assets
Freeing players
Game loop init
Unreserved all palettes
Charsel init
Selected char 6 on teamslot 0.0
Char lucario_m.def (6) request pal 3 FFF (FFF) -> reserved 3 (FF7)
Selected char 8 on teamslot 1.0
Char renamondv2.def (8) request pal 3 3FF (3FF) -> reserved 3 (3F7)
End of charsel loop
Game loop deinit
Gameflow 8
Gameflow 9
Gameflow 10
Entering versus screen.
Unloading match assets
Freeing players
Game loop init
Versus screen init
End of versus screen loop
Game loop deinit
Gameflow 11
Loading match assets...
Loading stage...
  Loading BG...OK
Stage loaded OK
  Allocating helpers...OK
Match RNG seed: 1344764782
Reset persist vars team 0
Reset persist vars team 1
Loading character chars/lucario_m/lucario_m.def...
  Loading info...Info: Lucario loading in pre-1.0 compatible mode
OK
  Loading cmd command set Lucario_M.cmd...OK
  Loading cns Lucario_M.cns...OK
  Loading cns Common.cns...OK
  Loading cns Helper.cns...OK
  Loading cns Lucario_M-S.cns...OK
  Loading cns Lucario_M-H.cns...OK
  Loading cns -2.cns...OK
  Loading cns -3.cns...OK
  Loading cmd state entry Lucario_M.cmd...OK
  Loading common states common1.cns...OK
  Loading sff Lucario_M.sff...OK
  Loading anim Lucario_M.air...OK
  Loading snd Lucario_M.snd...OK
  Loading pals...(1,1)(1,2)(1,3)(1,4)(1,5)(1,6)(1,7)(1,8)(1,9)(1,10)(1,11)(1,12)OK
  SFF v1.01 palette hack engaged.
  8792 expressions (2409 on trigger lines)
Character lucario_m.def loaded OK
New char Lucario loaded into cache: (3/4 cached) Load time: 120.000ms
Loading character chars/renamondv2/renamondv2.def...
  Loading info...Info: Renamon loading in pre-1.0 compatible mode
OK
  Loading cmd command set RenamonD.cmd...OK
  Loading cns RenamonD.cns...OK
  Loading cns RenamonDSpecial.st...OK
  Loading cns RenamonDSuper.st...OK
  Loading cns Striker.st...OK
  Loading cns Duo.st...OK
  Loading cmd state entry RenamonD.cmd...OK
  Loading common states common1.cns...OK
  Loading sff RenamonD.sff...OK
  Loading anim RenamonD.air...OK
  Loading snd RenamonD.snd...OK
  Loading pals...(1,1)(1,2)(1,3)(1,4)(1,5)(1,6)(1,7)(1,8)(1,9)(1,10)OK
  SFF v1.01 palette hack engaged.
  8500 expressions (2877 on trigger lines)
Character renamondv2.def loaded OK
New char RenamonDv2 loaded into cache: (4/4 cached) Load time: 150.000ms
Resetting round
Match assets initialized OK
Game loop init
Match loop init
Resetting round
Resetting round
End of match loop
Total time: 100.41s
Total frames: 6024 	Skipped frames: 1
Avg game rate: 59.99
Avg frame rate: 59.98

Finishing match
Freeing players
Save persist vars P56 Lucario
Player Lucario cache count reduced: 0
Save persist vars P57 RenamonDv2
Player RenamonDv2 cache count reduced: 0
Match RNG closed
Game loop deinit
Gameflow 12
Entering victory screen.
Unloading match assets
Freeing players
Unloading stage...OK
Game loop init
Victory screen init
End of victory screen loop
Game loop deinit
Gameflow 6
Reset persist vars team 0
Reset persist vars team 1
Gameflow 7
Entering character select.
Unloading match assets
Freeing players
Game loop init
Unreserved all palettes
Charsel init
Selected char 9 on teamslot 0.0
Char luffy.def (9) request pal 3 FF (FF) -> reserved 3 (F7)
Selected char 18 on teamslot 1.0
Char mihawk.def (18) request pal 3 3F (3F) -> reserved 3 (37)
End of charsel loop
Game loop deinit
Gameflow 8
Gameflow 9
Gameflow 10
Entering versus screen.
Unloading match assets
Freeing players
Game loop init
Versus screen init
End of versus screen loop
Game loop deinit
Gameflow 11
Loading match assets...
Loading stage...
  Loading BG...OK
Stage loaded OK
  Allocating helpers...OK
Match RNG seed: 1858796022
Reset persist vars team 0
Reset persist vars team 1
Player CC'Brook'MN purged from cache: 0
Freeing player RC CC'Brook'MN...CMD...CNS...SFF...AIR...SND...Misc...OK
Loading character chars/luffy/luffy.def...
  Loading info...OK
  Loading cmd command set Luffy.cmd...OK
  Loading cns Luffy.cns...OK
  Loading cns specials.cns...OK
  Loading cns throws.cns...OK
  Loading cns hypers.cns...OK
  Loading cmd state entry Luffy.cmd...OK
  Loading common states common1.cns...OK
  Loading sff Luffy.sff...OK
  Loading anim Luffy.air...OK
  Loading snd Luffy-eng.snd...OK
  Loading pals...(1,1)(1,2)(1,3)(1,4)(1,5)(1,6)OK
  SFF v1.01 palette hack engaged.
  6501 expressions (2320 on trigger lines)
Character luffy.def loaded OK
New char Monkey D Luffy by Xasor loaded into cache: (4/4 cached) Load time: 180.000ms
Player Pinkie Pie purged from cache: 1
Freeing player RC Pinkie Pie...CMD...CNS...SFF...AIR...SND...Misc...OK
Loading character chars/mihawk/mihawk.def...
  Loading info...Info: Mihawk loading in pre-1.0 compatible mode
OK
  Loading cmd command set Mihawk.cmd...OK
  Loading cns Mihawk.cns...OK
  Loading cns Mihawk_Specials.cns...OK
  Loading cns Mihawk_Supers.cns...OK
  Loading cns Mihawk_IA.cns...OK
  Loading cmd state entry Mihawk.cmd...OK
  Loading common states common1.cns...OK
  Loading sff Mihawk.sff...OK
  Loading anim Mihawk.air...OK
  Loading snd Mihawk.snd...OK
  Loading pals...(1,1)(1,2)(1,3)(1,4)(1,5)(1,6)OK
  SFF v1.01 palette hack engaged.
  6624 expressions (1730 on trigger lines)
Character mihawk.def loaded OK
New char Mihawk loaded into cache: (4/4 cached) Load time: 170.000ms
Resetting round
Match assets initialized OK
Game loop init
Match loop init
Resetting round
End of match loop
Total time: 121.02s
Total frames: 7263 	Skipped frames: 0
Avg game rate: 60.01
Avg frame rate: 60.01

Finishing match
Freeing players
Save persist vars P56 Monkey D Luffy by Xasor
Player Monkey D Luffy by Xasor cache count reduced: 0
Save persist vars P57 Mihawk
Player Mihawk cache count reduced: 0
Match RNG closed
Game loop deinit
Gameflow 12
Entering victory screen.
Unloading match assets
Freeing players
Unloading stage...OK
Game loop init
Victory screen init
End of victory screen loop
Game loop deinit
Gameflow 6
Reset persist vars team 0
Reset persist vars team 1
Gameflow 7
Entering character select.
Unloading match assets
Freeing players
Game loop init
Unreserved all palettes
Charsel init
Selected char 24 on teamslot 0.0
Char naruto-kun.def (24) request pal 3 FF (FF) -> reserved 3 (F7)
Selected char 17 on teamslot 1.0
Char chrom.def (17) request pal 3 FFF (FFF) -> reserved 3 (FF7)
End of charsel loop
Game loop deinit
Gameflow 8
Gameflow 9
Gameflow 10
Entering versus screen.
Unloading match assets
Freeing players
Game loop init
Versus screen init
End of versus screen loop
Game loop deinit
Gameflow 11
Loading match assets...
Loading stage...
  Loading BG...OK
Stage loaded OK
  Allocating helpers...OK
Match RNG seed: 454532931
Reset persist vars team 0
Reset persist vars team 1
Player Lucario purged from cache: 2
Freeing player RC Lucario...CMD...CNS...SFF...AIR...SND...Misc...OK
Loading character chars/naruto-kun/naruto-kun.def...
  Loading info...Info: NARUTO KUN loading in pre-1.0 compatible mode
OK
  Loading cmd command set naruto-kun.cmd...OK
  Loading cns naruto-kun.cns...OK
  Loading cmd state entry naruto-kun.cmd...OK
  Loading common states common1.cns...OK
  Loading sff naruto-kun.sff...OK
  Loading anim naruto-kun.air...OK
  Loading snd naruto-kun.snd...OK
  Loading pals...(1,1)(1,2)(1,3)(1,4)(1,5)(1,6)OK
  9694 expressions (2492 on trigger lines)
Character naruto-kun.def loaded OK
New char naruto-kun loaded into cache: (4/4 cached) Load time: 290.000ms
Player RenamonDv2 purged from cache: 3
Freeing player RC RenamonDv2...CMD...CNS...SFF...AIR...SND...Misc...OK
Loading character chars/chrom/chrom.def...
  Loading info...OK
  Loading cmd command set chrom.cmd...OK
  Loading cns chrom.cns...OK
  Loading cmd state entry chrom.cmd...OK
  Loading common states common1.cns...OK
  Loading sff chrom.sff...OK
  Loading anim chrom.air...OK
  Loading snd chrom.snd...OK
  Loading pals...(1,1)(1,2)(1,3)(1,4)(1,5)(1,6)(1,7)(1,8)(1,9)(1,10)(1,11)(1,12)OK
  SFF v1.01 palette hack engaged.
  5558 expressions (1887 on trigger lines)
Character chrom.def loaded OK
New char Chrom loaded into cache: (4/4 cached) Load time: 430.000ms
Resetting round
Match assets initialized OK
Game loop init
Match loop init
Resetting round
End of match loop
Total time: 78.46s
Total frames: 4709 	Skipped frames: 0
Avg game rate: 60.02
Avg frame rate: 60.02

Finishing match
Freeing players
Save persist vars P56 naruto-kun
Player naruto-kun cache count reduced: 0
Save persist vars P57 Chrom
Player Chrom cache count reduced: 0
Match RNG closed
Game loop deinit
Gameflow 12
Entering victory screen.
Unloading match assets
Freeing players
Unloading stage...OK
Game loop init
Victory screen init
End of victory screen loop
Game loop deinit
Gameflow 6
Reset persist vars team 0
Reset persist vars team 1
Gameflow 7
Entering character select.
Unloading match assets
Freeing players
Game loop init
Unreserved all palettes
Charsel init
Selected char 12 on teamslot 0.0
Char scott pilgrim.def (12) request pal 0 3F (3F) -> reserved 0 (3E)
Selected char 14 on teamslot 1.0
Char 4550.def (14) request pal 3 3F (3F) -> reserved 3 (37)
End of charsel loop
Game loop deinit
Gameflow 8
Gameflow 9
Gameflow 10
Entering versus screen.
Unloading match assets
Freeing players
Game loop init
Versus screen init
End of versus screen loop
Game loop deinit
Gameflow 11
Loading match assets...
Loading stage...
  Loading BG...OK
Stage loaded OK
  Allocating helpers...OK
Match RNG seed: 537799939
Reset persist vars team 0
Reset persist vars team 1
Player Monkey D Luffy by Xasor purged from cache: 4
Freeing player RC Monkey D Luffy by Xasor...CMD...CNS...SFF...AIR...SND...Misc...OK
Loading character chars/scott pilgrim/scott pilgrim.def...
  Loading info...OK
  Loading cmd command set scott.cmd...OK
  Loading cns scott.cns...OK
  Loading cmd state entry scott.cmd...OK
  Loading common states common1.cns...OK
  Loading sff scott.sff...OK
  Loading anim scott.air...OK
  Loading snd scott.snd...OK
  Loading pals...OK
  3841 expressions (1025 on trigger lines)
Character scott pilgrim.def loaded OK
New char Scott Pilgrim loaded into cache: (4/4 cached) Load time: 310.000ms
Player Mihawk purged from cache: 5
Freeing player RC Mihawk...CMD...CNS...SFF...AIR...SND...Misc...OK
Loading character chars/4550/4550.def...
  Loading info...OK
  Loading cmd command set 1920.cmd...OK
  Loading cns 1920.cns...OK
  Loading cns 1921.cns...OK
  Loading cmd state entry 1920.cmd...OK
  Loading common states common1.cns...OK
  Loading sff 1920.sff...OK
  Loading anim 1920.air...OK
  Loading snd 1920.snd...OK
  Loading pals...(1,1)(1,2)(1,3)(1,4)(1,5)(1,6)OK
  SFF v1.01 palette hack engaged.
  20808 expressions (6964 on trigger lines)
Character 4550.def loaded OK
New char Hanzo loaded into cache: (4/4 cached) Load time: 120.000ms
Resetting round
Match assets initialized OK
Game loop init
Match loop init
Resetting round
End of match loop
Total time: 98.00s
Total frames: 5882 	Skipped frames: 0
Avg game rate: 60.02
Avg frame rate: 60.02

Finishing match
Freeing players
Save persist vars P56 Scott Pilgrim
Player Scott Pilgrim cache count reduced: 0
Save persist vars P57 Hanzo
Player Hanzo cache count reduced: 0
Match RNG closed
Game loop deinit
Gameflow 12
Entering victory screen.
Unloading match assets
Freeing players
Unloading stage...OK
Game loop init
Victory screen init
End of victory screen loop
Game loop deinit
Gameflow 6
Reset persist vars team 0
Reset persist vars team 1
Gameflow 7
Entering character select.
Unloading match assets
Freeing players
Game loop init
Unreserved all palettes
Charsel init
Selected char 21 on teamslot 0.0
Char zorororonoa.def (21) request pal 3 0 (0) -> reserved 0 (0)
Selected char 23 on teamslot 1.0
Char donald.def (23) request pal 3 C3F (C3F) -> reserved 3 (C37)
End of charsel loop
Game loop deinit
Gameflow 8
Gameflow 9
Gameflow 10
Entering versus screen.
Unloading match assets
Freeing players
Game loop init
Versus screen init
End of versus screen loop
Game loop deinit
Gameflow 11
Loading match assets...
Loading stage...
  Loading BG...OK
Stage loaded OK
  Allocating helpers...OK
Match RNG seed: 661536505
Reset persist vars team 0
Reset persist vars team 1
Player naruto-kun purged from cache: 6
Freeing player RC naruto-kun...CMD...CNS...SFF...AIR...SND...Misc...OK
Loading character chars/zorororonoa/zorororonoa.def...
  Loading info...Info: ZoroRoronoa loading in pre-1.0 compatible mode
OK
  Loading cmd command set kfm.cmd...OK
  Loading cns ZoroRoronoa.cns...OK
  Loading cns ZoroRoronoa_st.cns...OK
  Loading cns NA.cns...OK
  Loading cns away.cns...OK
  Loading cns power.cns...OK
  Loading cns tobidougu.cns...OK
  Loading cns HA.cns...OK
  Loading cns SA.cns...OK
  Loading cmd state entry kfm.cmd...OK
  Loading common states common1.cns...OK
  Loading sff ZoroRoronoa.sff...OK
  Loading anim ZoroRoronoa.air...OK
  Loading snd ZoroRoronoa.snd...OK
  Loading pals...OK
  5756 expressions (1679 on trigger lines)
Character zorororonoa.def loaded OK
New char ZoroRoronoa loaded into cache: (4/4 cached) Load time: 190.000ms
Player Chrom purged from cache: 7
Freeing player RC Chrom...CMD...CNS...SFF...AIR...SND...Misc...OK
Loading character chars/donald/donald.def...
  Loading info...Info: Donald loading in pre-1.0 compatible mode
OK
  Loading cmd command set Donald.cmd...OK
  Loading cns Donald.cns...OK
  Loading cmd state entry Donald.cmd...OK
  Loading common states common1.cns...OK
  Loading sff Donald.sff...OK
  Loading anim Donald.air...OK
  Loading snd Donald.snd...OK
  Loading pals...(1,1)(1,2)(1,3)(1,4)(1,5)(1,6)(1,11)(1,12)OK
  SFF v1.01 palette hack engaged.
  12415 expressions (4671 on trigger lines)
Character donald.def loaded OK
New char Donald loaded into cache: (4/4 cached) Load time: 140.000ms
Resetting round
Match assets initialized OK
Game loop init
Match loop init
Resetting round
End of match loop
Total time: 54.93s
Total frames: 3297 	Skipped frames: 0
Avg game rate: 60.02
Avg frame rate: 60.02

Finishing match
Freeing players
Save persist vars P56 ZoroRoronoa
Player ZoroRoronoa cache count reduced: 0
Save persist vars P57 Donald
Player Donald cache count reduced: 0
Match RNG closed
Game loop deinit
Gameflow 12
Entering victory screen.
Unloading match assets
Freeing players
Unloading stage...OK
Game loop init
Victory screen init
End of victory screen loop
Game loop deinit
Gameflow 6
Reset persist vars team 0
Reset persist vars team 1
Gameflow 7
Entering character select.
Unloading match assets
Freeing players
Game loop init
Unreserved all palettes
Charsel init
Game loop deinit
Canceled character select.
Gameflow 4
Entering mode select.
Unloading match assets
Freeing players
Game loop init
Mode select init
End of mode select loop
Game loop deinit
Returned from gameflow loop
Deinitializing...
Frames      : 126117
Time elapsed: 2104.890 sec
ticks: 210489, tps: 100, start 113, end 210602

Unloading match assets
Freeing players
Clearing player cache...Freeing player RC Scott Pilgrim...CMD...CNS...SFF...AIR...SND...Misc...OK
Freeing player RC Hanzo...CMD...CNS...SFF...AIR...SND...Misc...OK
Freeing player RC ZoroRoronoa...CMD...CNS...SFF...AIR...SND...Misc...OK
Freeing player RC Donald...CMD...CNS...SFF...AIR...SND...Misc...OK
OK
Freeing character info...OK
Freeing select screen...OK
Freeing fight data...OK
Freeing system data...OK
Freeing game variables...Unloading match assets
Freeing players
OK
Deinitializing input...pad...keyboard...OK
Removing callbacks...OK
Deintializing timer...OK
Deinitializing graphics...OK
Deinitializing BGM...OK
Deinitializing sound...OK
Successful program termination.

Log file successfully closed.
